<?xml version="1.0" encoding="UTF-8"?>
<!-- Generated by org.testng.reporters.JUnitReportReporter -->
<testsuite hostname="MSI" failures="0" tests="1" name="fetchingDataFromResponse.FetchingDataFromResponseWithComplexJson" time="1.756" errors="0" timestamp="2024-04-08T01:11:27 IST" skipped="0">
  <testcase classname="fetchingDataFromResponse.FetchingDataFromResponseWithComplexJson" name="getListOfUsers" time="1.756"/>
  <system-out/>
</testsuite> <!-- fetchingDataFromResponse.FetchingDataFromResponseWithComplexJson -->
