<?xml version="1.0" encoding="UTF-8"?>
<!-- Generated by org.testng.reporters.JUnitReportReporter -->
<testsuite hostname="MSI" failures="0" tests="1" name="fetchingDataFromResponse.FetchDataFromResponseWithSimpleJson" time="4.545" errors="0" timestamp="2024-04-08T00:12:36 IST" skipped="0">
  <testcase classname="fetchingDataFromResponse.FetchDataFromResponseWithSimpleJson" name="createuser" time="4.545"/>
  <system-out/>
</testsuite> <!-- fetchingDataFromResponse.FetchDataFromResponseWithSimpleJson -->
