<?xml version="1.0" encoding="UTF-8"?>
<!-- Generated by org.testng.reporters.JUnitReportReporter -->
<testsuite hostname="MSI" failures="0" tests="1" name="basicCalls.GetListOfUsers_With_QueryParam" time="2.216" errors="0" timestamp="2024-04-07T17:54:02 IST" skipped="0">
  <testcase classname="basicCalls.GetListOfUsers_With_QueryParam" name="getListOfUserDetailsWithQueryparam" time="2.216"/>
  <system-out/>
</testsuite> <!-- basicCalls.GetListOfUsers_With_QueryParam -->
