<?xml version="1.0" encoding="UTF-8"?>
<!-- Generated by org.testng.reporters.JUnitReportReporter -->
<testsuite hostname="MSI" failures="0" tests="1" name="serializationAndDeserialization.Get_ListOfUser_With_QueryParam" time="1.379" errors="0" timestamp="2024-04-09T01:20:32 IST" skipped="0">
  <testcase classname="serializationAndDeserialization.Get_ListOfUser_With_QueryParam" name="getListOfUserDetailsWithQueryparam" time="1.379"/>
  <system-out/>
</testsuite> <!-- serializationAndDeserialization.Get_ListOfUser_With_QueryParam -->
