<?xml version="1.0" encoding="UTF-8"?>
<!-- Generated by org.testng.reporters.JUnitReportReporter -->
<testsuite hostname="MSI" failures="0" tests="1" name="fetchingDataFromResponse.FetchingAValueFromResponse" time="3.750" errors="0" timestamp="2024-04-11T02:12:06 IST" skipped="0">
  <testcase classname="fetchingDataFromResponse.FetchingAValueFromResponse" name="FetchingValueFromRespnse" time="3.750"/>
  <system-out/>
</testsuite> <!-- fetchingDataFromResponse.FetchingAValueFromResponse -->
