<?xml version="1.0" encoding="UTF-8"?>
<!-- Generated by org.testng.reporters.JUnitReportReporter -->
<testsuite hostname="MSI" failures="0" tests="1" name="fetchingDataFromResponse.Assignment" time="0.919" errors="0" timestamp="2024-04-10T16:24:29 IST" skipped="0">
  <testcase classname="fetchingDataFromResponse.Assignment" name="AssignmentValidate" time="0.919"/>
  <system-out/>
</testsuite> <!-- fetchingDataFromResponse.Assignment -->
