<?xml version="1.0" encoding="UTF-8"?>
<!-- Generated by org.testng.reporters.JUnitReportReporter -->
<testsuite hostname="MSI" failures="0" tests="1" name="basicCalls.Get_Single_User" time="2.324" errors="0" timestamp="2024-04-07T17:22:59 IST" skipped="0">
  <testcase classname="basicCalls.Get_Single_User" name="getSingleUserDetails" time="2.324"/>
  <system-out/>
</testsuite> <!-- basicCalls.Get_Single_User -->
