<?xml version="1.0" encoding="UTF-8"?>
<!-- Generated by org.testng.reporters.JUnitReportReporter -->
<testsuite hostname="MSI" failures="0" tests="1" name="basicCalls.Get_ListOfUser" time="2.544" errors="0" timestamp="2024-04-08T00:13:58 IST" skipped="0">
  <testcase classname="basicCalls.Get_ListOfUser" name="getListOfUsers" time="2.544"/>
  <system-out/>
</testsuite> <!-- basicCalls.Get_ListOfUser -->
