<?xml version="1.0" encoding="UTF-8"?>
<!-- Generated by org.testng.reporters.JUnitReportReporter -->
<testsuite hostname="MSI" failures="0" tests="1" name="specBuilder.CreateUser" time="3.632" errors="0" timestamp="2024-04-09T02:58:49 IST" skipped="0">
  <testcase classname="specBuilder.CreateUser" name="createuser" time="3.632"/>
  <system-out/>
</testsuite> <!-- specBuilder.CreateUser -->
