<?xml version="1.0" encoding="UTF-8"?>
<!-- Generated by org.testng.reporters.JUnitReportReporter -->
<testsuite hostname="MSI" failures="0" tests="1" name="fetchingDataFromResponse.ReadingUsingJsonPathClass" time="3.433" errors="0" timestamp="2024-04-10T14:53:18 IST" skipped="0">
  <testcase classname="fetchingDataFromResponse.ReadingUsingJsonPathClass" name="GetListOfUsers" time="3.433"/>
  <system-out/>
</testsuite> <!-- fetchingDataFromResponse.ReadingUsingJsonPathClass -->
