<?xml version="1.0" encoding="UTF-8"?>
<!-- Generated by org.testng.reporters.JUnitReportReporter -->
<testsuite hostname="MSI" failures="0" tests="1" name="basicCalls.Get_SingleUser_With_PathParam" time="1.691" errors="0" timestamp="2024-04-07T18:09:52 IST" skipped="0">
  <testcase classname="basicCalls.Get_SingleUser_With_PathParam" name="getListOfUserDetailsWithPathparam" time="1.691"/>
  <system-out/>
</testsuite> <!-- basicCalls.Get_SingleUser_With_PathParam -->
