<?xml version="1.0" encoding="UTF-8"?>
<!-- Generated by org.testng.reporters.JUnitReportReporter -->
<testsuite hostname="MSI" failures="0" tests="1" name="fetchingDataFromResponse.FailedValidationInRequestAndResponse" time="2.183" errors="0" timestamp="2024-04-11T02:30:17 IST" skipped="0">
  <testcase classname="fetchingDataFromResponse.FailedValidationInRequestAndResponse" name="getListOfUsers" time="2.183"/>
  <system-out/>
</testsuite> <!-- fetchingDataFromResponse.FailedValidationInRequestAndResponse -->
