<?xml version="1.0" encoding="UTF-8"?>
<!-- Generated by org.testng.reporters.JUnitReportReporter -->
<testsuite hostname="MSI" failures="0" tests="1" name="practicePackage.DeserializationAPI" time="2.377" errors="0" timestamp="2024-04-26T01:07:32 IST" skipped="0">
  <testcase classname="practicePackage.DeserializationAPI" name="complexBody" time="2.377"/>
  <system-out/>
</testsuite> <!-- practicePackage.DeserializationAPI -->
