<?xml version="1.0" encoding="UTF-8"?>
<!-- Generated by org.testng.reporters.JUnitReportReporter -->
<testsuite hostname="MSI" failures="0" tests="1" name="serializationAndDeserialization.Post_CreateUser" time="3.987" errors="0" timestamp="2024-04-09T02:51:14 IST" skipped="0">
  <testcase classname="serializationAndDeserialization.Post_CreateUser" name="createuser" time="3.987"/>
  <system-out/>
</testsuite> <!-- serializationAndDeserialization.Post_CreateUser -->
