<?xml version="1.0" encoding="UTF-8"?>
<!-- Generated by org.testng.reporters.JUnitReportReporter -->
<testsuite hostname="MSI" failures="0" tests="1" name="serializationAndDeserialization.ComplexJsonGetRequest" time="1.575" errors="0" timestamp="2024-04-25T15:16:50 IST" skipped="0">
  <testcase classname="serializationAndDeserialization.ComplexJsonGetRequest" name="getListOfUserDetailsWithQueryparam" time="1.575"/>
  <system-out/>
</testsuite> <!-- serializationAndDeserialization.ComplexJsonGetRequest -->
