<?xml version="1.0" encoding="UTF-8"?>
<!-- Generated by org.testng.reporters.JUnitReportReporter -->
<testsuite hostname="MSI" failures="0" tests="1" name="basicCalls.getUserInfoOfCreatedUser" time="2.771" errors="0" timestamp="2024-04-07T19:03:35 IST" skipped="0">
  <testcase classname="basicCalls.getUserInfoOfCreatedUser" name="userInfo" time="2.771"/>
  <system-out/>
</testsuite> <!-- basicCalls.getUserInfoOfCreatedUser -->
