<?xml version="1.0" encoding="UTF-8"?>
<!-- Generated by org.testng.reporters.JUnitReportReporter -->
<testsuite hostname="MSI" failures="0" tests="1" name="basicCalls.Post_CreateUser" time="3.267" errors="0" timestamp="2024-04-11T02:11:51 IST" skipped="0">
  <testcase classname="basicCalls.Post_CreateUser" name="createuser" time="3.267"/>
  <system-out/>
</testsuite> <!-- basicCalls.Post_CreateUser -->
